<?xml version="1.0" encoding="UTF-8"?>
<!-- Generated by org.testng.reporters.JUnitXMLReporter -->
<testsuite hostname="DESKTOP-5Q0UQTD" ignored="0" name="Default test" tests="5" failures="0" timestamp="27 Oct 2021 09:34:47 GMT" time="20.636" errors="0">
  <testcase name="testCase1" time="6.602" classname="org.test.DataProviderTestNG"/>
  <testcase name="testCase1" time="4.035" classname="org.test.DataProviderTestNG"/>
  <testcase name="testCase1" time="3.007" classname="org.test.DataProviderTestNG"/>
  <testcase name="testCase1" time="3.151" classname="org.test.DataProviderTestNG"/>
  <testcase name="testCase1" time="3.784" classname="org.test.DataProviderTestNG"/>
</testsuite> <!-- Default test -->
