<?xml version="1.0" encoding="UTF-8"?>
<!-- Generated by org.testng.reporters.JUnitXMLReporter -->
<testsuite hostname="DESKTOP-5Q0UQTD" ignored="0" name="Test" tests="1" failures="1" timestamp="26 Oct 2021 22:52:45 GMT" time="0.038" errors="0">
  <testcase name="testCase1" time="0.0" classname="org.test.DataProviderExecution">
    <failure type="org.testng.TestNGException" message="
Method public void org.test.DataProviderExecution.testCase1(java.lang.String,java.lang.String) requires a @DataProvider named : FBLogin in class org.test.DataProviderExecution">
      <![CDATA[org.testng.TestNGException: 
Method public void org.test.DataProviderExecution.testCase1(java.lang.String,java.lang.String) requires a @DataProvider named : FBLogin in class org.test.DataProviderExecution
... Removed 22 stack frames]]>
    </failure>
  </testcase> <!-- testCase1 -->
</testsuite> <!-- Test -->
